* using log directory ‘/home/erica/tesina/dhclus/pkg.Rcheck’
* using R version 2.15.2 (2012-10-26)
* using platform: x86_64-pc-linux-gnu (64-bit)
* using session charset: UTF-8
* checking for file ‘pkg/DESCRIPTION’ ... OK
* this is package ‘dhclus’ version ‘0.1-0’
* checking package namespace information ... OK
* checking package dependencies ... OK
* checking if this is a source package ... OK
* checking if there is a namespace ... OK
* checking for executable files ... OK
* checking whether package ‘dhclus’ can be installed ... OK
* checking installed package size ... OK
* checking package directory ... OK
* checking for portable file names ... OK
* checking for sufficient/correct file permissions ... OK
* checking DESCRIPTION meta-information ... OK
* checking top-level files ... OK
* checking for left-over files ... OK
* checking index information ... OK
* checking package subdirectories ... OK
* checking R files for non-ASCII characters ... OK
* checking R files for syntax errors ... OK
* checking whether the package can be loaded ... OK
* checking whether the package can be loaded with stated dependencies ... OK
* checking whether the package can be unloaded cleanly ... OK
* checking whether the namespace can be loaded with stated dependencies ... OK
* checking whether the namespace can be unloaded cleanly ... OK
* checking loading without being on the library search path ... OK
* checking for unstated dependencies in R code ... OK
* checking S3 generic/method consistency ... OK
* checking replacement functions ... OK
* checking foreign function calls ... OK
* checking R code for possible problems ... NOTE
test_gap: no visible binding for global variable ‘cores’
* checking Rd files ... WARNING
Error : test_gap.Rd: non-ASCII input and no declared encoding

problem found in ‘test_gap.Rd’
* checking Rd metadata ... OK
* checking Rd cross-references ... OK
* checking for missing documentation entries ... WARNING
Undocumented code objects:
  ‘dhclus’ ‘test_gap’
All user-level objects in a package should have documentation entries.
See the chapter ‘Writing R documentation files’ in the ‘Writing R
Extensions’ manual.
* checking for code/documentation mismatches ... OK
* checking Rd \usage sections ... WARNING
Bad \usage lines found in documentation object 'Get.clusters':
  Get.clusters<-function(data, index, diss=FALSE, debug=FALSE, method=2)
Bad \usage lines found in documentation object 'dhclus':
  dhclus<- function(data, diss=FALSE, debug=FALSE, FUNCluster=Get.clusters, FUNTest=test, ...)
Bad \usage lines found in documentation object 'test_gap':
  test_gap<- function(data, labels, NumRef=100, sigmas=1,
  k=7, sigma=1,  method=2, debug=F, metric=2)

Functions with \usage entries need to have the appropriate \alias
entries, and all their arguments documented.
The \usage entries must correspond to syntactically valid R code.
See the chapter ‘Writing R documentation files’ in the ‘Writing R
Extensions’ manual.
* checking Rd contents ... OK
* checking for unstated dependencies in examples ... OK
* checking examples ... ERROR
Running examples in ‘dhclus-Ex.R’ failed
The error most likely occurred in:

> ### Name: dhclus
> ### Title: Divisive hierarchical clustering algorithm with automatic
> ###   determination of components.
> ### Keywords: custering
> 
> ### ** Examples
> 
> ## Using default spetral clustering
> 
> 
> data<-cbind(rnorm(50,0,1),rnorm(100,0,1),rep(1,100))
> data<-rbind(data, cbind(rnorm(50,0,1)+6.5,rnorm(100,0,1),rep(2,100)))
> data<-rbind(data, cbind(rnorm(20,0,1)-5,rnorm(100,0,1)-5,rep(3,100)))
> 
> clusters<- dhclus(data,debug=FALSE)
[1] 300
[1] 0.50000000 0.25000000 0.12500000 0.06250000 0.03125000 0.01562500 0.00781250
[8] 0.00390625
[1] 5
[1] 200
[1] "true"
[1] 200
[1] 0.50000000 0.25000000 0.12500000 0.06250000 0.03125000 0.01562500 0.00781250
[8] 0.00390625
[1] 5
[1] 100
[1] "true"
[1] 100
[1] 0.50000000 0.25000000 0.12500000 0.06250000 0.03125000 0.01562500 0.00781250
[8] 0.00390625
[1] "singletons detected"
[1] "Deleted2  7"
[1] 5
[1] 100
[1] 0.50000000 0.25000000 0.12500000 0.06250000 0.03125000 0.01562500 0.00781250
[8] 0.00390625
[1] "singletons detected"
[1] "singletons detected"
[1] "Deleted2  7"
[1] 4
[1] 100
[1] 0.50000000 0.25000000 0.12500000 0.06250000 0.03125000 0.01562500 0.00781250
[8] 0.00390625
[1] "Deleted2  7"
[1] 6
[1] 4 5 6 7
[1] 4 5
numeric(0)
[1] 300   1
[1] 300   1
> plot(data, col=clusters$tags)
> 
> ## Using spectral clustering with Local Scaling
> clusters<- dhclus(data,debug=FALSE, method=3)
[1] 300
[1] 1
[1] 200
[1] "true"
[1] 200
[1] 1
[1] 100
[1] "true"
[1] 100
[1] 8
[1] 100
[1] 1
[1] 100
[1] 1
[1] 4 5 6 7
[1] 4 5
numeric(0)
[1] 300   1
[1] 300   1
> 
> ## Using spectral clustering with pknng and test-gap-pknng
> clusters<- dhclus(data, debug=FALSE, method=1,metric=1)
Error in .Call("euc_metric", data, c(dim(data)[1], dim(data)[2]), DUP = F) : 
  C symbol name "euc_metric" not in load table
Calls: dhclus ... select_k -> as.matrix -> pknng -> eucmetric -> .Call
Execution halted
